<?xml version="1.0" encoding="UTF-8"?>
<testng-results skipped="0" failed="0" ignored="0" total="1" passed="1">
  <reporter-output>
  </reporter-output>
  <suite name="Login Sample Android (Multithread)" duration-ms="3878" started-at="2021-07-13T03:21:58 WIB" finished-at="2021-07-13T03:22:02 WIB">
    <groups>
    </groups>
    <test name="IM_AN_Register" duration-ms="3878" started-at="2021-07-13T03:21:58 WIB" finished-at="2021-07-13T03:22:02 WIB">
      <class name="com.test.bukalapak.TestPlan">
        <test-method status="PASS" signature="submitForm()[pri:0, instance:com.test.bukalapak.TestPlan@201a4587]" name="submitForm" duration-ms="3810" started-at="2021-07-13T03:21:58 WIB" finished-at="2021-07-13T03:22:02 WIB">
          <reporter-output>
          </reporter-output>
        </test-method> <!-- submitForm -->
        <test-method status="PASS" signature="cleanUp()[pri:0, instance:com.test.bukalapak.TestPlan@201a4587]" name="cleanUp" is-config="true" duration-ms="109" started-at="2021-07-13T03:22:07 WIB" finished-at="2021-07-13T03:22:07 WIB">
          <reporter-output>
          </reporter-output>
        </test-method> <!-- cleanUp -->
      </class> <!-- com.test.bukalapak.TestPlan -->
    </test> <!-- IM_AN_Register -->
  </suite> <!-- Login Sample Android (Multithread) -->
</testng-results>
